<?xml version="1.0" encoding="UTF-8"?>
<!-- Generated by org.testng.reporters.JUnitXMLReporter -->
<testsuite ignored="0" hostname="DESKTOP-L0D5BQU" failures="0" tests="4" name="Default test" time="6.062" errors="0" timestamp="2025-03-16T06:35:06 IST">
  <testcase classname="api.test.UserTestWithFaker" name="testCreateUser" time="4.021"/>
  <testcase classname="api.test.UserTestWithFaker" name="testGetUser" time="0.469"/>
  <testcase classname="api.test.UserTestWithFaker" name="testUpdateUser" time="0.678"/>
  <testcase classname="api.test.UserTestWithFaker" name="testDeleteUser" time="0.627"/>
</testsuite> <!-- Default test -->
