<?xml version="1.0" encoding="UTF-8"?>
<!-- Generated by org.testng.reporters.JUnitXMLReporter -->
<testsuite ignored="0" hostname="DESKTOP-L0D5BQU" failures="0" tests="10" name="Test" time="11.425" errors="0" timestamp="2025-03-14T07:04:09 IST">
  <testcase classname="api.test.UserTest" name="testCreateUser" time="4.706"/>
  <testcase classname="api.test.UserTest" name="testGetUser" time="0.238"/>
  <testcase classname="api.test.UserTest" name="testUpdateUser" time="0.597"/>
  <testcase classname="api.test.UserTest" name="testDeleteUser" time="0.592"/>
  <testcase classname="api.test.UserTestWithFaker" name="testCreateUser" time="0.669"/>
  <testcase classname="api.test.UserTestWithFaker" name="testGetUser" time="0.24"/>
  <testcase classname="api.test.UserTestWithFaker" name="testUpdateUser" time="0.598"/>
  <testcase classname="api.test.UserTestWithFaker" name="testDeleteUser" time="0.63"/>
  <testcase classname="api.test.DDUserTest" name="testPostUser" time="0.837"/>
  <testcase classname="api.test.DDUserTest" name="testPostUser" time="0.806"/>
</testsuite> <!-- Test -->
